<?xml version="1.0" encoding="UTF-8"?>
<testng-results skipped="0" failed="0" ignored="0" total="1" passed="1">
  <reporter-output>
  </reporter-output>
  <suite name="Suite" duration-ms="43" started-at="2021-04-07T10:00:18Z" finished-at="2021-04-07T10:00:18Z">
    <groups>
    </groups>
    <test name="Test" duration-ms="43" started-at="2021-04-07T10:00:18Z" finished-at="2021-04-07T10:00:18Z">
      <class name="com.demo.tests.DemoTest">
        <test-method status="PASS" signature="test()[pri:0, instance:com.demo.tests.DemoTest@3cef309d]" name="test" duration-ms="0" started-at="2021-04-07T10:00:18Z" finished-at="2021-04-07T10:00:18Z">
          <reporter-output>
          </reporter-output>
        </test-method> <!-- test -->
      </class> <!-- com.demo.tests.DemoTest -->
    </test> <!-- Test -->
  </suite> <!-- Suite -->
</testng-results>
