<?xml version="1.0" encoding="UTF-8"?>
<testng-results skipped="0" failed="0" ignored="0" total="1" passed="1">
  <reporter-output>
  </reporter-output>
  <suite name="Suite" duration-ms="82" started-at="2021-04-07T09:42:32Z" finished-at="2021-04-07T09:42:32Z">
    <groups>
    </groups>
    <test name="Test" duration-ms="82" started-at="2021-04-07T09:42:32Z" finished-at="2021-04-07T09:42:32Z">
      <class name="com.demo.tests.DemoTest">
        <test-method status="PASS" signature="test()[pri:0, instance:com.demo.tests.DemoTest@a38d7a3]" name="test" duration-ms="31" started-at="2021-04-07T09:42:32Z" finished-at="2021-04-07T09:42:32Z">
          <reporter-output>
          </reporter-output>
        </test-method> <!-- test -->
      </class> <!-- com.demo.tests.DemoTest -->
    </test> <!-- Test -->
  </suite> <!-- Suite -->
</testng-results>
